 Feb 18 00:01:38 192.168.3.1 :Feb 17 23:31:02 EST: %ASA-session-6-302020: Built inbound ICMP connection for faddr 192.168.2.112/5992 gaddr 192.168.4.53/0 laddr 192.168.4.53/0
18-Feb-11 00:00:54 Feb 18 00:01:38 192.168.3.1 :Feb 17 23:31:02 EST: %ASA-session-6-302020: Built outbound ICMP connection for faddr 192.168.2.112/5992 gaddr 192.168.4.53/0 laddr 192.168.4.53/0
 Feb 18 00:01:38 192.168.3.1 :Feb 17 23:31:02 EST: %ASA-session-6-302020: Built inbound ICMP connection for faddr 192.168.2.112/5992 gaddr 192.168.4.52/0 laddr 192.168.4.52/0
18-Feb-11 00:00:54 Feb 18 00:01:38 192.168.3.1 :Feb 17 23:31:02 EST: %ASA-session-6-302020: Built outbound ICMP connection for faddr 192.168.2.112/5992 gaddr 192.168.4.52/0 laddr 192.168.4.52/0
18-Feb-11 00:00:54 Feb 18 00:01:38 192.168.3.1 :Feb 17 23:31:02 EST: %ASA-session-6-302020: Built outbound ICMP connection for faddr 172.16.100.114/0 gaddr 192.168.2.112/5992 laddr 192.168.2.112/5992
18-Feb-11 00:00:54 Feb 18 00:01:38 192.168.3.1 :Feb 17 23:31:02 EST: %ASA-session-6-302020: Built inbound ICMP connection for faddr 172.16.100.114/0 gaddr 192.168.2.112/5992 laddr 192.168.2.112/5992
18-Feb-11 00:00:54 Feb 18 00:01:39 192.168.3.1 :Feb 17 23:31:02 EST: %ASA-session-6-302014: Teardown TCP connection 26403335 for outside:193.201.96.11/443 to LAN:192.168.1.25/4167 duration 0:00:01 bytes 5455 TCP FINs
 Feb 18 00:01:39 192.168.3.1 :Feb 17 23:31:02 EST: %ASA-vpn-4-402116: IPSEC: Received an ESP packet (SPI= 0x13E7CD77, sequence number= 0x8AA) from 207.207.230.54 (user= 207.207.230.54) to 67.110.177.172.  The decapsulated inner packet doesn't match the negotiated policy in the SA.  The packet specifies its destination as 67.110.177.172, its source as 192.168.253.21, and its protocol as 1.  The SA specifies its local proxy as 192.168.2.0/255.255.255.0/0/0 and its remote_proxy as 172.16.100.16/255.255.255.240/0/0.
18-Feb-11 00:00:54 Feb 18 00:01:39 192.168.3.1 :Feb 17 23:31:02 EST: %ASA-ip-3-313001: Denied ICMP type=8, code=0 from 192.168.253.21 on interface outside
18-Feb-11 00:00:54 Feb 18 00:01:39 192.168.3.1 :Feb 17 23:31:02 EST: %ASA-session-6-302014: Teardown TCP connection 26403337 for outside:193.201.96.11/443 to LAN:192.168.1.25/4169 duration 0:00:01 bytes 2608 TCP FINs
18-Feb-11 00:00:55 Feb 18 00:01:39 192.168.3.1 :Feb 17 23:31:02 EST: %ASA-session-6-302014: Teardown TCP connection 26403338 for outside:193.201.96.11/443 to LAN:192.168.1.25/4170 duration 0:00:01 bytes 1871 TCP FINs
18-Feb-11 00:00:55 Feb 18 00:01:39 192.168.3.1 :Feb 17 23:31:02 EST: %ASA-ip-3-313001: Denied ICMP type=8, code=0 from 65.217.172.165 on interface outside
 CLONWWADDC1.clone-systems.com	MSWinEventLog	1	Security	20305	Fri Feb 18 00:01:23 2011	4624	Microsoft-Windows-Security-Auditing	ANONYMOUS LOGON	N/A	Success Audit	CLONWWADDC1.clone-systems.com	None		An account was successfully logged on.    Subject:   Security ID:  S-1-0-0   Account Name:  -   Account Domain:  -   Logon ID:  0x0    Logon Type:   3    New Logon:   Security ID:  S-1-5-7   Account Name:  ANONYMOUS LOGON   Account Domain:  NT AUTHORITY   Logon ID:  0xc906ab   Logon GUID:  {00000000-0000-0000-0000-000000000000}    Process Information:   Process ID:  0x0   Process Name:  -    Network Information:   Workstation Name: GUN   Source Network Address: 192.168.0.4   Source Port:  64994    Detailed Authentication Information:   Logon Process:  NtLmSsp    Authentication Package: NTLM   Transited Services: -   Package Name (NTLM only): NTLM V1   Key Length:  128    This event is generated when a logon session is created. It is generated on the computer that was accessed.    The subject fields indicate the account on the local system which requested the logon. This is most commonly a service such as the Server service, or a local process such as Winlogon.exe or Services.exe.    The logon type field indicates the kind of logon that occurred. The most common types are 2 (interactive) and 3 (network).    The New Logon fields indicate the account for whom the new logon was created, i.e. the account that was logged on.    The network fields indicate where a remote logon request originated. Workstation name is not always available and may be left blank in some cases.    The authentication information fields provide detailed information about this specific logon request.   - Logon GUID is a unique identifier that can be used to correlate this event with a KDC event.   - Transited services indicate which intermediate services have participated in this logon request.   - Package name indicates which sub-protocol was used among the NTLM protocols.   - Key length indicates the length of the generated session key. This will b
18-Feb-11 00:00:55 Feb 18 00:01:40 192.168.3.1 :Feb 17 23:31:02 EST: %ASA-session-6-302015: Built outbound UDP connection 26403355 for public:192.168.3.242/514 (192.168.3.242/514) to LAN:192.168.1.150/56732 (192.168.1.150/56732)
 Feb 18 00:01:40 192.168.3.1 :Feb 17 23:31:02 EST: %ASA-vpn-6-602303: IPSEC: An outbound LAN-to-LAN SA (SPI= 0xAACE7283) between 67.110.177.172 and 199.164.21.5 (user= 199.164.21.5) has been created.
 Feb 18 00:01:40 192.168.3.1 :Feb 17 23:31:02 EST: %ASA-vpn-5-713049: Group = 199.164.21.5, IP = 199.164.21.5, Security negotiation complete for LAN-to-LAN Group (199.164.21.5)  Responder, Inbound SPI = 0x572ba17d, Outbound SPI = 0xaace7283
 Feb 18 00:01:40 192.168.3.1 :Feb 17 23:31:02 EST: %ASA-vpn-6-602303: IPSEC: An inbound LAN-to-LAN SA (SPI= 0x572BA17D) between 67.110.177.172 and 199.164.21.5 (user= 199.164.21.5) has been created.
18-Feb-11 00:00:55 Feb 18 00:01:40 192.168.3.1 :Feb 17 23:31:02 EST: %ASA-vpn-5-713120: Group = 199.164.21.5, IP = 199.164.21.5, PHASE 2 COMPLETED (msgid=4c8fdb88)
18-Feb-11 00:01:17 Feb 18 00:02:01 192.168.3.1 :Feb 17 23:31:25 EST: %ASA-session-6-302020: Built inbound ICMP connection for faddr 172.16.100.227/0 gaddr 192.168.2.112/6012 laddr 192.168.2.112/6012
18-Feb-11 00:01:17 Feb 18 00:02:01 192.168.3.1 :Feb 17 23:31:25 EST: %ASA-session-6-302020: Built outbound ICMP connection for faddr 172.16.100.210/0 gaddr 192.168.2.112/6012 laddr 192.168.2.112/6012
18-Feb-11 00:01:17 Feb 18 00:02:01 192.168.3.1 :Feb 17 23:31:25 EST: %ASA-session-6-302020: Built inbound ICMP connection for faddr 172.16.100.210/0 gaddr 192.168.2.112/6012 laddr 192.168.2.112/6012
18-Feb-11 00:01:17 Feb 18 00:02:01 192.168.3.1 :Feb 17 23:31:25 EST: %ASA-session-6-302020: Built outbound ICMP connection for faddr 172.16.100.99/0 gaddr 192.168.2.112/6012 laddr 192.168.2.112/6012
18-Feb-11 00:01:17 Feb 18 00:02:01 192.168.3.1 :Feb 17 23:31:25 EST: %ASA-session-6-302020: Built inbound ICMP connection for faddr 172.16.100.99/0 gaddr 192.168.2.112/6012 laddr 192.168.2.112/6012
 CLONWWADDC1.clone-systems.com	MSWinEventLog	1	Security	20310	Fri Feb 18 00:01:44 2011	4672	Microsoft-Windows-Security-Auditing	CLONWWMAIL1$	N/A	Success Audit	CLONWWADDC1.clone-systems.com	None		Special privileges assigned to new logon.    Subject:   Security ID:  S-1-5-21-2650515781-1991746861-2225058118-1104   Account Name:  CLONWWMAIL1$   Account Domain:  CLONE-SYSTEMS   Logon ID:  0xc9081c    Privileges:  SeSecurityPrivilege	20148 
 CLONWWADDC1.clone-systems.com	MSWinEventLog	1	Security	20311	Fri Feb 18 00:01:44 2011	4624	Microsoft-Windows-Security-Auditing	CLONWWMAIL1$	N/A	Success Audit	CLONWWADDC1.clone-systems.com	None		An account was successfully logged on.    Subject:   Security ID:  S-1-0-0   Account Name:  -   Account Domain:  -   Logon ID:  0x0    Logon Type:   3    New Logon:   Security ID:  S-1-5-21-2650515781-1991746861-2225058118-1104   Account Name:  CLONWWMAIL1$   Account Domain:  CLONE-SYSTEMS   Logon ID:  0xc9081c   Logon GUID:  {85097889-846D-6E30-A898-C683DF542245}    Process Information:   Process ID:  0x0   Process Name:  -    Network Information:   Workstation Name:    Source Network Address: 192.168.3.100   Source Port:  26849    Detailed Authentication Information:   Logon Process:  Kerberos   Authentication Package: Kerberos   Transited Services: -   Package Name (NTLM only): -   Key Length:  0    This event is generated when a logon session is created. It is generated on the computer that was accessed.    The subject fields indicate the account on the local system which requested the logon. This is most commonly a service such as the Server service, or a local process such as Winlogon.exe or Services.exe.    The logon type field indicates the kind of logon that occurred. The most common types are 2 (interactive) and 3 (network).    The New Logon fields indicate the account for whom the new logon was created, i.e. the account that was logged on.    The network fields indicate where a remote logon request originated. Workstation name is not always available and may be left blank in some cases.    The authentication information fields provide detailed information about this specific logon request.   - Logon GUID is a unique identifier that can be used to correlate this event with a KDC event.   - Transited services indicate which intermediate services have participated in this logon request.   - Package name indicates which sub-protocol was used among the NTLM protocols.   - Key length indicates the length of the gener
 CLONWWADDC1.clone-systems.com	MSWinEventLog	1	Security	20312	Fri Feb 18 00:01:44 2011	4634	Microsoft-Windows-Security-Auditing	CLONWWMAIL1$	N/A	Success Audit	CLONWWADDC1.clone-systems.com	None		An account was logged off.    Subject:   Security ID:  S-1-5-21-2650515781-1991746861-2225058118-1104   Account Name:  CLONWWMAIL1$   Account Domain:  CLONE-SYSTEMS   Logon ID:  0xc9081c    Logon Type:   3    This event is generated when a logon session is destroyed. It may be positively correlated with a logon event using the Logon ID value. Logon IDs are only unique between reboots on the same computer.	20150
18-Feb-11 00:01:18 Feb 18 00:02:02 192.168.3.1 :Feb 17 23:31:25 EST: %ASA-session-6-302014: Teardown TCP connection 26403554 for outside:193.201.96.11/443 to LAN:192.168.1.25/4191 duration 0:00:00 bytes 2741 TCP FINs
18-Feb-11 00:01:18 Feb 18 00:02:02 192.168.3.1 :Feb 17 23:31:26 EST: %ASA-session-6-302014: Teardown TCP connection 26403565 for outside:193.201.96.11/443 to LAN:192.168.1.25/4192 duration 0:00:00 bytes 3059 TCP FINs
 Feb 18 00:02:03 192.168.3.1 :Feb 17 23:31:26 EST: %ASA-session-6-302021: Teardown ICMP connection for faddr 172.16.100.98/0 gaddr 192.168.2.112/6010 laddr 192.168.2.112/6010
18-Feb-11 00:01:18 Feb 18 00:02:03 192.168.3.1 :Feb 17 23:31:26 EST: %ASA-session-6-302021: Teardown ICMP connection for faddr 172.16.100.98/0 gaddr 192.168.2.112/6010 laddr 192.168.2.112/6010
18-Feb-11 00:01:18 Feb 18 00:02:03 192.168.3.1 :Feb 17 23:31:26 EST: %ASA-session-6-302021: Teardown ICMP connection for faddr 216.44.54.7/0 gaddr 67.110.177.172/46484 laddr 192.168.2.112/6010
 Feb 18 00:02:03 192.168.3.1 :Feb 17 23:31:26 EST: %ASA-session-6-302021: Teardown ICMP connection for faddr 216.44.54.7/0 gaddr 67.110.177.172/46484 laddr 192.168.2.112/6010
18-Feb-11 00:01:18 Feb 18 00:02:03 192.168.3.1 :Feb 17 23:31:26 EST: %ASA-session-6-302021: Teardown ICMP connection for faddr 192.168.3.118/0 gaddr 192.168.2.112/6010 laddr 192.168.2.112/6010
 Feb 18 00:02:03 192.168.3.1 :Feb 17 23:31:26 EST: %ASA-session-6-302021: Teardown ICMP connection for faddr 192.168.3.118/0 gaddr 192.168.2.112/6010 laddr 192.168.2.112/6010
18-Feb-11 00:01:18 Feb 18 00:02:03 192.168.3.1 :Feb 17 23:31:26 EST: %ASA-session-6-302021: Teardown ICMP connection for faddr 172.16.100.211/0 gaddr 192.168.2.112/6010 laddr 192.168.2.112/6010
 Feb 18 00:02:03 192.168.3.1 :Feb 17 23:31:26 EST: %ASA-session-6-302021: Teardown ICMP connection for faddr 172.16.100.211/0 gaddr 192.168.2.112/6010 laddr 192.168.2.112/6010
18-Feb-11 00:01:18 Feb 18 00:02:03 192.168.3.1 :Feb 17 23:31:26 EST: %ASA-session-6-302021: Teardown ICMP connection for faddr 172.16.100.67/0 gaddr 192.168.2.112/6010 laddr 192.168.2.112/6010
18-Feb-11 00:01:18 Feb 18 00:02:03 192.168.3.1 :Feb 17 23:31:26 EST: %ASA-session-6-302021: Teardown ICMP connection for faddr 172.16.100.66/0 gaddr 192.168.2.112/6010 laddr 192.168.2.112/6010
18-Feb-11 00:01:18 Feb 18 00:02:03 192.168.3.1 :Feb 17 23:31:27 EST: %ASA-session-6-302021: Teardown ICMP connection for faddr 172.16.100.194/0 gaddr 192.168.2.112/6010 laddr 192.168.2.112/6010
 Feb 18 00:02:03 192.168.3.1 :Feb 17 23:31:27 EST: %ASA-session-6-302021: Teardown ICMP connection for faddr 172.16.100.194/0 gaddr 192.168.2.112/6010 laddr 192.168.2.112/6010
18-Feb-11 00:01:18 Feb 18 00:02:03 192.168.3.1 :Feb 17 23:31:27 EST: %ASA-session-6-302021: Teardown ICMP connection for faddr 172.16.100.67/0 gaddr 192.168.2.112/6010 laddr 192.168.2.112/6010
18-Feb-11 00:01:19 Feb 18 00:02:03 192.168.3.1 :Feb 17 23:31:27 EST: %ASA-session-6-302021: Teardown ICMP connection for faddr 172.16.100.66/0 gaddr 192.168.2.112/6010 laddr 192.168.2.112/6010
18-Feb-11 00:01:19 Feb 18 00:02:03 192.168.3.1 :Feb 17 23:31:27 EST: %ASA-session-6-302020: Built outbound ICMP connection for faddr 172.16.100.196/0 gaddr 192.168.2.112/6015 laddr 192.168.2.112/6015
18-Feb-11 00:01:19 Feb 18 00:02:03 192.168.3.1 :Feb 17 23:31:27 EST: %ASA-session-6-302013: Built inbound TCP connection 26403577 for public:192.168.3.117/34260 (192.168.3.117/34260) to DB:192.168.5.120/3306 (192.168.5.120/3306)
18-Feb-11 00:01:19 Feb 18 00:02:03 192.168.3.1 :Feb 17 23:31:27 EST: %ASA-session-6-302014: Teardown TCP connection 26403521 for outside:209.90.66.147/443 to public:192.168.3.121/34841 duration 0:00:05 bytes 2443 TCP FINs
18-Feb-11 00:01:19 Feb 18 00:02:03 192.168.3.1 :Feb 17 23:31:27 EST: %ASA-session-6-302020: Built outbound ICMP connection for faddr 172.16.254.90/0 gaddr 192.168.2.112/6015 laddr 192.168.2.112/6015
18-Feb-11 00:01:19 Feb 18 00:02:03 192.168.3.1 :Feb 17 23:31:27 EST: %ASA-session-6-302014: Teardown TCP connection 26403577 for public:192.168.3.117/34260 to DB:192.168.5.120/3306 duration 0:00:00 bytes 7285 TCP FINs
18-Feb-11 00:01:19 Feb 18 00:02:03 192.168.3.1 :Feb 17 23:31:27 EST: %ASA-session-6-302020: Built inbound ICMP connection for faddr 172.16.254.90/0 gaddr 192.168.2.112/6015 laddr 192.168.2.112/6015
18-Feb-11 00:01:22 Feb 18 00:02:07 192.168.3.1 :Feb 17 23:31:31 EST: %ASA-session-6-302014: Teardown TCP connection 26403619 for outside:193.201.96.11/443 to LAN:192.168.1.25/4194 duration 0:00:01 bytes 1813 TCP FINs
18-Feb-11 00:01:23 Feb 18 00:02:07 192.168.3.1 :Feb 17 23:31:31 EST: %ASA-session-6-302014: Teardown TCP connection 26403621 for outside:193.201.96.11/443 to LAN:192.168.1.25/4195 duration 0:00:01 bytes 6788 TCP FINs
18-Feb-11 00:01:23 Feb 18 00:02:07 192.168.3.1 :Feb 17 23:31:31 EST: %ASA-session-6-302014: Teardown TCP connection 26403368 for public:192.168.3.121/60902 to members:192.168.2.254/3306 duration 0:00:24 bytes 24751 TCP FINs
18-Feb-11 00:01:23 Feb 18 00:02:07 192.168.3.1 :Feb 17 23:31:31 EST: %ASA-session-6-302021: Teardown ICMP connection for faddr 172.16.100.196/0 gaddr 192.168.2.112/6015 laddr 192.168.2.112/6015
18-Feb-11 00:01:23 Feb 18 00:02:07 192.168.3.1 :Feb 17 23:31:31 EST: %ASA-vpn-3-713061: Group = 12.161.2.84, IP = 12.161.2.84, Rejecting IPSec tunnel: no matching crypto map entry for remote proxy 172.16.100.208/255.255.255.240/0/0 local proxy 192.168.0.0/255.255.0.0/0/0 on interface outside
 Feb 18 00:02:07 192.168.3.1 :Feb 17 23:31:31 EST: %ASA-vpn-3-713902: Group = 12.161.2.84, IP = 12.161.2.84, QM FSM error (P2 struct &0xd91c41b8, mess id 0x49caaf17)!
18-Feb-11 00:01:23 Feb 18 00:02:07 192.168.3.1 :Feb 17 23:31:31 EST: %ASA-vpn-3-713902: Group = 12.161.2.84, IP = 12.161.2.84, Removing peer from correlator table failed, no match!
 Feb 18 00:02:07 192.168.3.1 :Feb 17 23:31:31 EST: %ASA-session-6-305012: Teardown dynamic TCP translation from LAN:192.168.1.25/4166 to outside:67.110.177.172/3037 duration 0:00:30
 Feb 18 00:02:07 192.168.3.1 :Feb 17 23:31:31 EST: %ASA-session-6-302021: Teardown ICMP connection for faddr 172.16.254.90/0 gaddr 192.168.2.112/6015 laddr 192.168.2.112/6015
 Feb 18 00:02:07 192.168.3.1 :Feb 17 23:31:31 EST: %ASA-session-6-302021: Teardown ICMP connection for faddr 172.16.254.90/0 gaddr 192.168.2.112/6015 laddr 192.168.2.112/6015
18-Feb-11 00:01:23 Feb 18 00:02:07 192.168.3.1 :Feb 17 23:31:31 EST: %ASA-session-6-302021: Teardown ICMP connection for faddr 172.16.100.196/0 gaddr 192.168.2.112/6015 laddr 192.168.2.112/6015
18-Feb-11 00:01:23 Feb 18 00:02:07 192.168.3.1 :Feb 17 23:31:31 EST: %ASA-session-6-302014: Teardown TCP connection 26403409 for public:192.168.3.121/60904 to members:192.168.2.254/3306 duration 0:00:20 bytes 23188 TCP FINs
 Feb 18 00:02:07 192.168.3.1 :Feb 17 23:31:31 EST: %ASA-session-6-305012: Teardown dynamic TCP translation from LAN:192.168.1.25/4167 to outside:67.110.177.172/43556 duration 0:00:30
 Feb 18 00:02:07 192.168.3.1 :Feb 17 23:31:31 EST: %ASA-session-6-305012: Teardown dynamic TCP translation from LAN:192.168.1.25/4168 to outside:67.110.177.172/24016 duration 0:00:30
 Feb 18 00:02:07 192.168.3.1 :Feb 17 23:31:31 EST: %ASA-session-6-305012: Teardown dynamic TCP translation from LAN:192.168.1.25/4169 to outside:67.110.177.172/36751 duration 0:00:30
 Feb 18 00:02:07 192.168.3.1 :Feb 17 23:31:31 EST: %ASA-session-6-305012: Teardown dynamic TCP translation from LAN:192.168.1.25/4170 to outside:67.110.177.172/50842 duration 0:00:30
 Feb 18 00:02:07 192.168.3.1 :Feb 17 23:31:31 EST: %ASA-session-6-305012: Teardown dynamic TCP translation from LAN:192.168.1.25/4171 to outside:67.110.177.172/41634 duration 0:00:30
 Feb 18 00:02:07 192.168.3.1 :Feb 17 23:31:31 EST: %ASA-session-6-302021: Teardown ICMP connection for faddr 192.168.3.154/0 gaddr 192.168.2.112/6015 laddr 192.168.2.112/6015
18-Feb-11 00:01:23 Feb 18 00:02:07 192.168.3.1 :Feb 17 23:31:31 EST: %ASA-session-6-302021: Teardown ICMP connection for faddr 192.168.3.154/0 gaddr 192.168.2.112/6015 laddr 192.168.2.112/6015
 Feb 18 00:02:07 192.168.3.1 :Feb 17 23:31:31 EST: %ASA-session-6-305011: Built dynamic TCP translation from LAN:192.168.1.25/4196 to outside:67.110.177.172/15073
18-Feb-11 00:01:23 Feb 18 00:02:07 192.168.3.1 :Feb 17 23:31:31 EST: %ASA-session-6-302013: Built outbound TCP connection 26403648 for outside:193.201.96.11/443 (193.201.96.11/443) to LAN:192.168.1.25/4196 (67.110.177.172/15073)
 Feb 18 00:02:07 192.168.3.1 :Feb 17 23:31:31 EST: %ASA-session-6-302021: Teardown ICMP connection for faddr 172.16.100.212/0 gaddr 192.168.2.112/6015 laddr 192.168.2.112/6015
18-Feb-11 00:01:23 Feb 18 00:02:07 192.168.3.1 :Feb 17 23:31:31 EST: %ASA-session-6-302021: Teardown ICMP connection for faddr 172.16.100.212/0 gaddr 192.168.2.112/6015 laddr 192.168.2.112/6015
 Feb 18 00:02:07 192.168.3.1 :Feb 17 23:31:31 EST: %ASA-session-6-305011: Built dynamic TCP translation from LAN:192.168.1.25/4197 to outside:67.110.177.172/39675
18-Feb-11 00:01:23 Feb 18 00:02:07 192.168.3.1 :Feb 17 23:31:31 EST: %ASA-session-6-302013: Built outbound TCP connection 26403649 for outside:193.201.96.11/443 (193.201.96.11/443) to LAN:192.168.1.25/4197 (67.110.177.172/39675)
18-Feb-11 00:01:23 Feb 18 00:02:07 192.168.3.1 :Feb 17 23:31:31 EST: %ASA-session-6-305011: Built dynamic TCP translation from LAN:192.168.1.25/4198 to outside:67.110.177.172/49915
18-Feb-11 00:01:23 Feb 18 00:02:07 192.168.3.1 :Feb 17 23:31:31 EST: %ASA-session-6-302013: Built outbound TCP connection 26403650 for outside:193.201.96.11/443 (193.201.96.11/443) to LAN:192.168.1.25/4198 (67.110.177.172/49915)
18-Feb-11 11:19:30 Feb 18 11:20:17 192.168.3.1 :Feb 18 10:49:39 EST: %ASA-session-6-302020: Built outbound ICMP connection for faddr 192.168.2.112/10738 gaddr 192.168.1.101/0 laddr 192.168.1.101/0
18-Feb-11 11:19:30 Feb 18 11:20:17 192.168.3.1 :Feb 18 10:49:39 EST: %ASA-session-6-302020: Built outbound ICMP connection for faddr 172.16.100.163/0 gaddr 192.168.2.112/10738 laddr 192.168.2.112/10738
18-Feb-11 11:19:30 Feb 18 11:20:17 192.168.3.1 :Feb 18 10:49:39 EST: %ASA-session-6-302020: Built inbound ICMP connection for faddr 172.16.100.163/0 gaddr 192.168.2.112/10738 laddr 192.168.2.112/10738
18-Feb-11 11:19:30 Feb 18 11:20:17 192.168.3.1 :Feb 18 10:49:39 EST: %ASA-session-6-302015: Built inbound UDP connection 26788743 for members:192.168.2.254/57497 (192.168.2.254/57497) to LAN:192.168.1.150/53 (192.168.1.150/53)
18-Feb-11 11:19:30 Feb 18 11:20:17 192.168.3.1 :Feb 18 10:49:39 EST: %ASA-session-6-302016: Teardown UDP connection 26788743 for members:192.168.2.254/57497 to LAN:192.168.1.150/53 duration 0:00:00 bytes 186
20110926235931.000000
Category=12810
CategoryString=Filtering Platform Connection
ComputerName=sea2wnweb04.r-u-i.com
EventCode=5156
EventIdentifier=5156
EventType=4
Logfile=Security
RecordNumber=102105314
SourceName=Microsoft-Windows-Security-Auditing
TimeGenerated=20110927035931.712977-000
TimeWritten=20110927035931.712977-000
Type=Audit Success
User=NULL
wmi_type=WinEventLog:Security
Message=The Windows Filtering Platform has permitted a connection.



Application Information:

	Process ID:		4

	Application Name:	System



Network Information:

	Direction:		Inbound

	Source Address:		10.10.240.255

	Source Port:		138

	Destination Address:	10.10.240.14

	Destination Port:		138

	Protocol:		17



Filter Information:

	Filter Run-Time ID:	65933

	Layer Name:		Receive/Accept

	Layer Run-Time ID:	44
 CLONWWADDC1.clone-systems.com	MSWinEventLog	1	Security	27421	Fri Feb 18 11:20:00 2011	4624	Microsoft-Windows-Security-Auditing	CLONWWNOSC5$	N/A	Success Audit	CLONWWADDC1.clone-systems.com	None		An account was successfully logged on.    Subject:   Security ID:  S-1-0-0   Account Name:  -   Account Domain:  -   Logon ID:  0x0    Logon Type:   3    New Logon:   Security ID:  S-1-5-21-2650515781-1991746861-2225058118-1356   Account Name:  CLONWWNOSC5$   Account Domain:  CLONE-SYSTEMS   Logon ID:  0xdad740   Logon GUID:  {79F20393-8839-B6F2-949A-835E13EBDEB0}    Process Information:   Process ID:  0x0   Process Name:  -    Network Information:   Workstation Name:    Source Network Address: 192.168.1.6   Source Port:  56041    Detailed Authentication Information:   Logon Process:  Kerberos   Authentication Package: Kerberos   Transited Services: -   Package Name (NTLM only): -   Key Length:  0    This event is generated when a logon session is created. It is generated on the computer that was accessed.    The subject fields indicate the account on the local system which requested the logon. This is most commonly a service such as the Server service, or a local process such as Winlogon.exe or Services.exe.    The logon type field indicates the kind of logon that occurred. The most common types are 2 (interactive) and 3 (network).    The New Logon fields indicate the account for whom the new logon was created, i.e. the account that was logged on.    The network fields indicate where a remote logon request originated. Workstation name is not always available and may be left blank in some cases.    The authentication information fields provide detailed information about this specific logon request.   - Logon GUID is a unique identifier that can be used to correlate this event with a KDC event.   - Transited services indicate which intermediate services have participated in this logon request.   - Package name indicates which sub-protocol was used among the NTLM protocols.   - Key length indicates the length of the generat
 CLONWWADDC1.clone-systems.com	MSWinEventLog	1	Security	27422	Fri Feb 18 11:20:00 2011	4769	Microsoft-Windows-Security-Auditing	CLONWWNOSC5$@CLONE-SYSTEMS.COM	N/A	Success Audit	CLONWWADDC1.clone-systems.com	None		A Kerberos service ticket was requested.    Account Information:   Account Name:  CLONWWNOSC5$@CLONE-SYSTEMS.COM   Account Domain:  CLONE-SYSTEMS.COM   Logon GUID:  {C9F225EC-EB20-1266-E1D8-70E6663AAC5D}    Service Information:   Service Name:  CLONWWNOSC5$   Service ID:  S-1-5-21-2650515781-1991746861-2225058118-1356    Network Information:   Client Address:  ::ffff:192.168.1.6   Client Port:  56042    Additional Information:   Ticket Options:  0x40810000   Ticket Encryption Type: 0x12   Failure Code:  0x0   Transited Services: -    This event is generated every time access is requested to a resource such as a computer or a Windows service.  The service name indicates the resource to which access was requested.    This event can be correlated with Windows logon events by comparing the Logon GUID fields in each event.  The logon event occurs on the machine that was accessed, which is often a different machine than the domain controller which issued the service ticket.    Ticket options, encryption types, and failure codes are defined in RFC 4120.	27208 
 CLONWWADDC1.clone-systems.com	MSWinEventLog	1	Security	27423	Fri Feb 18 11:20:00 2011	4624	Microsoft-Windows-Security-Auditing	CLONWWNOSC5$	N/A	Success Audit	CLONWWADDC1.clone-systems.com	None		An account was successfully logged on.    Subject:   Security ID:  S-1-0-0   Account Name:  -   Account Domain:  -   Logon ID:  0x0    Logon Type:   3    New Logon:   Security ID:  S-1-5-21-2650515781-1991746861-2225058118-1356   Account Name:  CLONWWNOSC5$   Account Domain:  CLONE-SYSTEMS   Logon ID:  0xdad759   Logon GUID:  {AE63B67C-2577-CB44-003A-9A38BC8480B1}    Process Information:   Process ID:  0x0   Process Name:  -    Network Information:   Workstation Name:    Source Network Address: 192.168.1.6   Source Port:  56043    Detailed Authentication Information:   Logon Process:  Kerberos   Authentication Package: Kerberos   Transited Services: -   Package Name (NTLM only): -   Key Length:  0    This event is generated when a logon session is created. It is generated on the computer that was accessed.    The subject fields indicate the account on the local system which requested the logon. This is most commonly a service such as the Server service, or a local process such as Winlogon.exe or Services.exe.    The logon type field indicates the kind of logon that occurred. The most common types are 2 (interactive) and 3 (network).    The New Logon fields indicate the account for whom the new logon was created, i.e. the account that was logged on.    The network fields indicate where a remote logon request originated. Workstation name is not always available and may be left blank in some cases.    The authentication information fields provide detailed information about this specific logon request.   - Logon GUID is a unique identifier that can be used to correlate this event with a KDC event.   - Transited services indicate which intermediate services have participated in this logon request.   - Package name indicates which sub-protocol was used among the NTLM protocols.   - Key length indicates the length of the generat
 CLONWWADDC1.clone-systems.com	MSWinEventLog	1	Security	27424	Fri Feb 18 11:20:00 2011	4624	Microsoft-Windows-Security-Auditing	CLONWWNOSC5$	N/A	Success Audit	CLONWWADDC1.clone-systems.com	None		An account was successfully logged on.    Subject:   Security ID:  S-1-0-0   Account Name:  -   Account Domain:  -   Logon ID:  0x0    Logon Type:   3    New Logon:   Security ID:  S-1-5-21-2650515781-1991746861-2225058118-1356   Account Name:  CLONWWNOSC5$   Account Domain:  CLONE-SYSTEMS   Logon ID:  0xdad765   Logon GUID:  {A26F6752-9E70-068A-F3EC-CB94D40E9628}    Process Information:   Process ID:  0x0   Process Name:  -    Network Information:   Workstation Name:    Source Network Address: 192.168.1.6   Source Port:  56045    Detailed Authentication Information:   Logon Process:  Kerberos   Authentication Package: Kerberos   Transited Services: -   Package Name (NTLM only): -   Key Length:  0    This event is generated when a logon session is created. It is generated on the computer that was accessed.    The subject fields indicate the account on the local system which requested the logon. This is most commonly a service such as the Server service, or a local process such as Winlogon.exe or Services.exe.    The logon type field indicates the kind of logon that occurred. The most common types are 2 (interactive) and 3 (network).    The New Logon fields indicate the account for whom the new logon was created, i.e. the account that was logged on.    The network fields indicate where a remote logon request originated. Workstation name is not always available and may be left blank in some cases.    The authentication information fields provide detailed information about this specific logon request.   - Logon GUID is a unique identifier that can be used to correlate this event with a KDC event.   - Transited services indicate which intermediate services have participated in this logon request.   - Package name indicates which sub-protocol was used among the NTLM protocols.   - Key length indicates the length of the generat
 CLONWWADDC1.clone-systems.com	MSWinEventLog	1	Security	27425	Fri Feb 18 11:20:00 2011	4634	Microsoft-Windows-Security-Auditing	CLONWWNOSC5$	N/A	Success Audit	CLONWWADDC1.clone-systems.com	None		An account was logged off.    Subject:   Security ID:  S-1-5-21-2650515781-1991746861-2225058118-1356   Account Name:  CLONWWNOSC5$   Account Domain:  CLONE-SYSTEMS   Logon ID:  0xdad759    Logon Type:   3    This event is generated when a logon session is destroyed. It may be positively correlated with a logon event using the Logon ID value. Logon IDs are only unique between reboots on the same computer.	27211
18-Feb-11 11:19:30 Feb 18 11:20:18 192.168.3.1 :Feb 18 10:49:40 EST: %ASA-session-6-302014: Teardown TCP connection 26788535 for public:192.168.3.102/80 to LAN:192.168.1.3/54513 duration 0:00:24 bytes 28506 TCP FINs
18-Feb-11 11:19:31 Feb 18 11:20:18 192.168.3.1 :Feb 18 10:49:40 EST: %ASA-session-2-106006: Deny inbound UDP from 192.168.1.251/161 to 192.168.0.4/61093 on interface LAN
20110926235931.000000
Category=12810
CategoryString=Filtering Platform Connection
ComputerName=sea2wnweb04.r-u-i.com
EventCode=5156
EventIdentifier=5156
EventType=4
Logfile=Security
RecordNumber=102105313
SourceName=Microsoft-Windows-Security-Auditing
TimeGenerated=20110927035931.671931-000
TimeWritten=20110927035931.671931-000
Type=Audit Success
User=NULL
wmi_type=WinEventLog:Security
Message=The Windows Filtering Platform has permitted a connection.



Application Information:

	Process ID:		1748

	Application Name:	\device\harddiskvolume2\program files (x86)\microsoft sql server\mssql.1\mssql\binn\sqlservr.exe



Network Information:

	Direction:		Inbound

	Source Address:		10.10.240.62

	Source Port:		55472

	Destination Address:	10.1.75.50

	Destination Port:		4021

	Protocol:		6



Filter Information:

	Filter Run-Time ID:	0

	Layer Name:		Receive/Accept

	Layer Run-Time ID:	44
20110926235931.000000
Category=12810
CategoryString=Filtering Platform Connection
ComputerName=sea2wnweb04.r-u-i.com
EventCode=5156
EventIdentifier=5156
EventType=4
Logfile=Security
RecordNumber=102105312
SourceName=Microsoft-Windows-Security-Auditing
TimeGenerated=20110927035931.397309-000
TimeWritten=20110927035931.397309-000
Type=Audit Success
User=NULL
wmi_type=WinEventLog:Security
Message=The Windows Filtering Platform has permitted a connection.



Application Information:

	Process ID:		1748

	Application Name:	\device\harddiskvolume2\program files (x86)\microsoft sql server\mssql.1\mssql\binn\sqlservr.exe



Network Information:

	Direction:		Inbound

	Source Address:		10.10.240.62

	Source Port:		55472

	Destination Address:	10.1.6.50

	Destination Port:		1131

	Protocol:		6



Filter Information:

	Filter Run-Time ID:	0

	Layer Name:		Receive/Accept

	Layer Run-Time ID:	44
 Feb 18 11:20:18 192.168.3.1 :Feb 18 10:49:40 EST: %ASA-vpn-4-402116: IPSEC: Received an ESP packet (SPI= 0x902B89FB, sequence number= 0x349) from 65.217.172.165 (user= 65.217.172.165) to 67.110.177.172.  The decapsulated inner packet doesn't match the negotiated policy in the SA.  The packet specifies its destination as 67.110.177.172, its source as 65.217.172.165, and its protocol as 1.  The SA specifies its local proxy as 192.168.2.0/255.255.255.0/0/0 and its remote_proxy as 172.16.100.112/255.255.255.240/0/0.
18-Feb-11 11:19:31 Feb 18 11:20:18 192.168.3.1 :Feb 18 10:49:40 EST: %ASA-ip-3-313001: Denied ICMP type=8, code=0 from 65.217.172.165 on interface outside
 Feb 18 11:20:18 192.168.3.1 :Feb 18 10:49:40 EST: %ASA-session-6-302021: Teardown ICMP connection for faddr 192.168.3.100/6 gaddr 192.168.1.150/0 laddr 192.168.1.150/0
18-Feb-11 11:19:32 Feb 18 11:20:18 192.168.3.1 :Feb 18 10:49:40 EST: %ASA-session-6-302021: Teardown ICMP connection for faddr 192.168.3.100/6 gaddr 192.168.1.150/0 laddr 192.168.1.150/0
 Feb 18 11:20:19 192.168.3.1 :Feb 18 10:49:41 EST: %ASA-session-6-302021: Teardown ICMP connection for faddr 192.168.2.112/10736 gaddr 192.168.4.3/0 laddr 192.168.4.3/0
18-Feb-11 11:19:32 Feb 18 11:20:19 192.168.3.1 :Feb 18 10:49:41 EST: %ASA-session-6-302021: Teardown ICMP connection for faddr 192.168.2.112/10736 gaddr 192.168.4.3/0 laddr 192.168.4.3/0
 Feb 18 11:20:19 192.168.3.1 :Feb 18 10:49:41 EST: %ASA-session-6-302021: Teardown ICMP connection for faddr 65.216.251.167/0 gaddr 67.110.177.172/6859 laddr 192.168.2.112/10736
18-Feb-11 11:19:32 Feb 18 11:20:19 192.168.3.1 :Feb 18 10:49:41 EST: %ASA-session-6-302021: Teardown ICMP connection for faddr 65.216.251.167/0 gaddr 67.110.177.172/6859 laddr 192.168.2.112/10736
20110926235931.000000
Category=12810
CategoryString=Filtering Platform Connection
ComputerName=sea2wnweb04.r-u-i.com
EventCode=5156
EventIdentifier=5156
EventType=4
Logfile=Security
RecordNumber=102105311
SourceName=Microsoft-Windows-Security-Auditing
TimeGenerated=20110927035931.325966-000
TimeWritten=20110927035931.325966-000
Type=Audit Success
User=NULL
wmi_type=WinEventLog:Security
Message=The Windows Filtering Platform has permitted a connection.



Application Information:

	Process ID:		1748

	Application Name:	\device\harddiskvolume2\program files (x86)\microsoft sql server\mssql.1\mssql\binn\sqlservr.exe



Network Information:

	Direction:		Inbound

	Source Address:		10.10.240.62

	Source Port:		55472

	Destination Address:	10.1.54.50

	Destination Port:		4356

	Protocol:		6



Filter Information:

	Filter Run-Time ID:	0

	Layer Name:		Receive/Accept

	Layer Run-Time ID:	44
 Feb 18 11:20:19 192.168.3.1 :Feb 18 10:49:41 EST: %ASA-session-6-302020: Built inbound ICMP connection for faddr 192.168.3.100/6 gaddr 192.168.1.150/0 laddr 192.168.1.150/0
18-Feb-11 11:19:32 Feb 18 11:20:19 192.168.3.1 :Feb 18 10:49:41 EST: %ASA-session-6-302020: Built outbound ICMP connection for faddr 192.168.3.100/6 gaddr 192.168.1.150/0 laddr 192.168.1.150/0
 Feb 18 11:20:19 192.168.3.1 :Feb 18 10:49:41 EST: %ASA-session-6-302021: Teardown ICMP connection for faddr 192.168.2.112/10736 gaddr 192.168.1.150/0 laddr 192.168.1.150/0
18-Feb-11 11:19:32 Feb 18 11:20:19 192.168.3.1 :Feb 18 10:49:41 EST: %ASA-session-6-302021: Teardown ICMP connection for faddr 192.168.2.112/10736 gaddr 192.168.1.150/0 laddr 192.168.1.150/0
18-Feb-11 11:19:32 Feb 18 11:20:19 192.168.3.1 :Feb 18 10:49:41 EST: %ASA-session-6-302020: Built outbound ICMP connection for faddr 172.16.100.3/0 gaddr 192.168.2.112/10740 laddr 192.168.2.112/10740
18-Feb-11 11:19:32 Feb 18 11:20:19 192.168.3.1 :Feb 18 10:49:41 EST: %ASA-session-6-302020: Built inbound ICMP connection for faddr 172.16.100.3/0 gaddr 192.168.2.112/10740 laddr 192.168.2.112/10740
18-Feb-11 11:19:32 Feb 18 11:20:19 192.168.3.1 :Feb 18 10:49:41 EST: %ASA-session-6-302020: Built outbound ICMP connection for faddr 172.16.100.2/0 gaddr 192.168.2.112/10740 laddr 192.168.2.112/10740
18-Feb-11 11:19:32 Feb 18 11:20:19 192.168.3.1 :Feb 18 10:49:41 EST: %ASA-session-6-302020: Built inbound ICMP connection for faddr 172.16.100.2/0 gaddr 192.168.2.112/10740 laddr 192.168.2.112/10740
18-Feb-11 11:19:32 Feb 18 11:20:19 192.168.3.1 :Feb 18 10:49:41 EST: %ASA-session-6-302020: Built outbound ICMP connection for faddr 172.16.100.19/0 gaddr 192.168.2.112/10740 laddr 192.168.2.112/10740
18-Feb-11 11:19:32 Feb 18 11:20:19 192.168.3.1 :Feb 18 10:49:41 EST: %ASA-session-6-302020: Built inbound ICMP connection for faddr 172.16.100.19/0 gaddr 192.168.2.112/10740 laddr 192.168.2.112/10740
 Feb 18 11:20:19 192.168.3.1 :Feb 18 10:49:41 EST: %ASA-session-6-302020: Built inbound ICMP connection for faddr 192.168.2.112/10740 gaddr 192.168.4.62/0 laddr 192.168.4.62/0
18-Feb-11 11:19:32 Feb 18 11:20:19 192.168.3.1 :Feb 18 10:49:41 EST: %ASA-session-6-302020: Built outbound ICMP connection for faddr 192.168.2.112/10740 gaddr 192.168.4.62/0 laddr 192.168.4.62/0
18-Feb-11 11:19:32 Feb 18 11:20:20 192.168.3.1 :Feb 18 10:49:41 EST: %ASA-session-6-302020: Built outbound ICMP connection for faddr 172.16.100.82/0 gaddr 192.168.2.112/10740 laddr 192.168.2.112/10740
18-Feb-11 11:19:32 Feb 18 11:20:20 192.168.3.1 :Feb 18 10:49:41 EST: %ASA-session-6-302020: Built inbound ICMP connection for faddr 172.16.100.82/0 gaddr 192.168.2.112/10740 laddr 192.168.2.112/10740
18-Feb-11 11:19:32 Feb 18 11:20:20 192.168.3.1 :Feb 18 10:49:41 EST: %ASA-session-6-302020: Built inbound ICMP connection for faddr 192.168.2.112/10740 gaddr 192.168.4.61/0 laddr 192.168.4.61/0
18-Feb-11 11:19:32 Feb 18 11:20:20 192.168.3.1 :Feb 18 10:49:41 EST: %ASA-session-6-302020: Built outbound ICMP connection for faddr 192.168.2.112/10740 gaddr 192.168.4.61/0 laddr 192.168.4.61/0
 CLONWWADDC1.clone-systems.com	MSWinEventLog	1	Security	27426	Fri Feb 18 11:20:02 2011	4634	Microsoft-Windows-Security-Auditing	CLONWWNOSC5$	N/A	Success Audit	CLONWWADDC1.clone-systems.com	None		An account was logged off.    Subject:   Security ID:  S-1-5-21-2650515781-1991746861-2225058118-1356   Account Name:  CLONWWNOSC5$   Account Domain:  CLONE-SYSTEMS   Logon ID:  0xdad740    Logon Type:   3    This event is generated when a logon session is destroyed. It may be positively correlated with a logon event using the Logon ID value. Logon IDs are only unique between reboots on the same computer.	27212
18-Feb-11 11:19:32 Feb 18 11:20:20 192.168.3.1 :Feb 18 10:49:41 EST: %ASA-vpn-4-402116: IPSEC: Received an ESP packet (SPI= 0x3FCBE487, sequence number= 0x24) from 207.207.230.54 (user= 207.207.230.54) to 67.110.177.172.  The decapsulated inner packet doesn't match the negotiated policy in the SA.  The packet specifies its destination as 67.110.177.172, its source as 192.168.253.21, and its protocol as 1.  The SA specifies its local proxy as 192.168.1.0/255.255.255.0/0/0 and its remote_proxy as 172.16.100.16/255.255.255.240/0/0.
18-Feb-11 11:19:32 Feb 18 11:20:20 192.168.3.1 :Feb 18 10:49:41 EST: %ASA-ip-3-313001: Denied ICMP type=8, code=0 from 192.168.253.21 on interface outside
18-Feb-11 11:19:33 Feb 18 11:20:20 192.168.3.1 :Feb 18 10:49:41 EST: %ASA-ip-3-313001: Denied ICMP type=8, code=0 from 192.168.253.21 on interface outside
 Feb 18 11:20:20 192.168.3.1 :Feb 18 10:49:41 EST: %ASA-session-6-302015: Built inbound UDP connection 26788761 for management:192.168.4.61/58085 (192.168.4.61/58085) to LAN:192.168.1.150/53 (192.168.1.150/53)
18-Feb-11 11:19:33 Feb 18 11:20:20 192.168.3.1 :Feb 18 10:49:41 EST: %ASA-session-6-302015: Built inbound UDP connection 26788762 for management:192.168.4.61/52961 (192.168.4.61/52961) to LAN:192.168.1.150/53 (192.168.1.150/53)
20110926235931.000000
Category=12810
CategoryString=Filtering Platform Connection
ComputerName=sea2wnweb04.r-u-i.com
EventCode=5156
EventIdentifier=5156
EventType=4
Logfile=Security
RecordNumber=102105310
SourceName=Microsoft-Windows-Security-Auditing
TimeGenerated=20110927035931.297625-000
TimeWritten=20110927035931.297625-000
Type=Audit Success
User=NULL
wmi_type=WinEventLog:Security
Message=The Windows Filtering Platform has permitted a connection.



Application Information:

	Process ID:		1748

	Application Name:	\device\harddiskvolume2\program files (x86)\microsoft sql server\mssql.1\mssql\binn\sqlservr.exe



Network Information:

	Direction:		Inbound

	Source Address:		10.10.240.62

	Source Port:		55472

	Destination Address:	10.1.3.52

	Destination Port:		3843

	Protocol:		6



Filter Information:

	Filter Run-Time ID:	0

	Layer Name:		Receive/Accept

	Layer Run-Time ID:	44
20110926235931.000000
Category=12810
CategoryString=Filtering Platform Connection
ComputerName=sea2wnweb04.r-u-i.com
EventCode=5156
EventIdentifier=5156
EventType=4
Logfile=Security
RecordNumber=102105309
SourceName=Microsoft-Windows-Security-Auditing
TimeGenerated=20110927035931.028867-000
TimeWritten=20110927035931.028867-000
Type=Audit Success
User=NULL
wmi_type=WinEventLog:Security
Message=The Windows Filtering Platform has permitted a connection.



Application Information:

	Process ID:		1748

	Application Name:	\device\harddiskvolume2\program files (x86)\microsoft sql server\mssql.1\mssql\binn\sqlservr.exe



Network Information:

	Direction:		Inbound

	Source Address:		10.10.240.62

	Source Port:		55472

	Destination Address:	10.1.50.50

	Destination Port:		4504

	Protocol:		6



Filter Information:

	Filter Run-Time ID:	0

	Layer Name:		Receive/Accept

	Layer Run-Time ID:	44
 Feb 18 11:20:20 192.168.3.1 :Feb 18 10:49:41 EST: %ASA-session-6-302015: Built inbound UDP connection 26788763 for management:192.168.4.61/56377 (192.168.4.61/56377) to LAN:192.168.1.150/53 (192.168.1.150/53)
 Feb 18 11:20:20 192.168.3.1 :Feb 18 10:49:41 EST: %ASA-session-6-302016: Teardown UDP connection 26788761 for management:192.168.4.61/58085 to LAN:192.168.1.150/53 duration 0:00:00 bytes 141
18-Feb-11 11:19:33 Feb 18 11:20:20 192.168.3.1 :Feb 18 10:49:41 EST: %ASA-session-6-302015: Built inbound UDP connection 26788764 for management:192.168.4.61/42657 (192.168.4.61/42657) to LAN:192.168.1.150/389 (192.168.1.150/389)
18-Feb-11 11:19:33 Feb 18 11:20:20 192.168.3.1 :Feb 18 10:49:41 EST: %ASA-session-6-302016: Teardown UDP connection 26788762 for management:192.168.4.61/52961 to LAN:192.168.1.150/53 duration 0:00:00 bytes 141
18-Feb-11 11:19:34 Feb 18 11:20:21 192.168.3.1 :Feb 18 10:49:41 EST: %ASA-session-6-302016: Teardown UDP connection 26788763 for management:192.168.4.61/56377 to LAN:192.168.1.150/53 duration 0:00:00 bytes 110
18-Feb-11 11:19:34 Feb 18 11:20:21 192.168.3.1 :Feb 18 10:49:41 EST: %ASA-session-6-302013: Built inbound TCP connection 26788765 for public:192.168.3.114/44710 (192.168.3.114/44710) to DB:192.168.5.120/3306 (192.168.5.120/3306)
20110926235930.000000
Category=12810
CategoryString=Filtering Platform Connection
ComputerName=sea2wnweb04.r-u-i.com
EventCode=5156
EventIdentifier=5156
EventType=4
Logfile=Security
RecordNumber=102105308
SourceName=Microsoft-Windows-Security-Auditing
TimeGenerated=20110927035930.897909-000
TimeWritten=20110927035930.897909-000
Type=Audit Success
User=NULL
wmi_type=WinEventLog:Security
Message=The Windows Filtering Platform has permitted a connection.



Application Information:

	Process ID:		1748

	Application Name:	\device\harddiskvolume2\program files (x86)\microsoft sql server\mssql.1\mssql\binn\sqlservr.exe



Network Information:

	Direction:		Inbound

	Source Address:		10.10.240.62

	Source Port:		55472

	Destination Address:	10.1.55.52

	Destination Port:		4751

	Protocol:		6



Filter Information:

	Filter Run-Time ID:	0

	Layer Name:		Receive/Accept

	Layer Run-Time ID:	44
18-Feb-11 11:19:34 Feb 18 11:20:21 192.168.3.1 :Feb 18 10:49:41 EST: %ASA-session-6-302014: Teardown TCP connection 26788765 for public:192.168.3.114/44710 to DB:192.168.5.120/3306 duration 0:00:00 bytes 7170 TCP FINs
18-Feb-11 11:19:34 Feb 18 11:20:21 192.168.3.1 :Feb 18 10:49:41 EST: %ASA-session-6-302014: Teardown TCP connection 26788673 for outside:123.64.193.79/3971 to public:192.168.3.100/25 duration 0:00:13 bytes 9398 TCP FINs
 Feb 18 11:20:21 192.168.3.1 :Feb 18 10:49:41 EST: %ASA-session-6-302021: Teardown ICMP connection for faddr 192.168.3.100/6 gaddr 192.168.1.150/0 laddr 192.168.1.150/0
18-Feb-11 11:19:34 Feb 18 11:20:21 192.168.3.1 :Feb 18 10:49:41 EST: %ASA-session-6-302021: Teardown ICMP connection for faddr 192.168.3.100/6 gaddr 192.168.1.150/0 laddr 192.168.1.150/0
 Feb 18 11:20:21 192.168.3.1 :Feb 18 10:49:41 EST: %ASA-session-6-302021: Teardown ICMP connection for faddr 172.16.100.162/0 gaddr 192.168.2.112/10738 laddr 192.168.2.112/10738
18-Feb-11 11:19:34 Feb 18 11:20:21 192.168.3.1 :Feb 18 10:49:41 EST: %ASA-session-6-302021: Teardown ICMP connection for faddr 172.16.100.162/0 gaddr 192.168.2.112/10738 laddr 192.168.2.112/10738
 Feb 18 11:20:21 192.168.3.1 :Feb 18 10:49:41 EST: %ASA-session-6-302021: Teardown ICMP connection for faddr 192.168.3.100/0 gaddr 192.168.2.112/10738 laddr 192.168.2.112/10738
18-Feb-11 11:19:34 Feb 18 11:20:21 192.168.3.1 :Feb 18 10:49:41 EST: %ASA-session-6-302021: Teardown ICMP connection for faddr 192.168.3.100/0 gaddr 192.168.2.112/10738 laddr 192.168.2.112/10738
 Feb 18 11:20:21 192.168.3.1 :Feb 18 10:49:41 EST: %ASA-session-6-302021: Teardown ICMP connection for faddr 192.168.2.112/10738 gaddr 192.168.1.101/0 laddr 192.168.1.101/0
18-Feb-11 11:19:34 Feb 18 11:20:21 192.168.3.1 :Feb 18 10:49:41 EST: %ASA-session-6-302021: Teardown ICMP connection for faddr 192.168.2.112/10738 gaddr 192.168.1.101/0 laddr 192.168.1.101/0
18-Feb-11 11:19:34 Feb 18 11:20:21 192.168.3.1 :Feb 18 10:49:41 EST: %ASA-vpn-3-713061: Group = 12.161.2.84, IP = 12.161.2.84, Rejecting IPSec tunnel: no matching crypto map entry for remote proxy 172.16.100.208/255.255.255.240/0/0 local proxy 192.168.0.0/255.255.0.0/0/0 on interface outside
 Feb 18 11:20:21 192.168.3.1 :Feb 18 10:49:41 EST: %ASA-vpn-3-713902: Group = 12.161.2.84, IP = 12.161.2.84, QM FSM error (P2 struct &0xd92b2a88, mess id 0x25cf3f33)!

