23-Feb-10 18:41:00,Application,Microsoft-Windows-Security-SPP,2010-02-23T18,900,N/A,Information,N/A,Classic,N/A,N/A,WIN-IL55AS54NFG,The Software Protection service is starting.,,,
23-Feb-10 18:41:00,Application,Microsoft-Windows-Security-SPP,2010-02-23T18,1066,N/A,Information,N/A,Classic,N/A,N/A,WIN-IL55AS54NFG,Initialization status for service objects.,C:\Windows\system32\sppwinob.dll, msft:spp/windowsfunctionality/agent/7.0, 0x00000000, 0x00000000,C:\Windows\system32\sppobjs.dll, msft:rm/algorithm/phone/1.0, 0x00000000, 0x00000000,C:\Windows\system32\sppobjs.dll, msft:rm/algorithm/pkey/2005, 0x00000000, 0x00000000,C:\Windows\system32\sppobjs.dll, msft:spp/TaskScheduler/1.0, 0x00000000, 0x00000000,C:\Windows\system32\sppobjs.dll, msft:spp/volume/services/kms/1.0, 0x00000000, 0x00000000,C:\Windows\system32\sppobjs.dll, msft:spp/volume/services/kms/licenserenewal/1.0, 0x00000000, 0x00000000,,,
23-Feb-10 18:41:00,Application,Microsoft-Windows-Security-SPP,2010-02-23T18,1003,N/A,Information,N/A,Classic,N/A,N/A,WIN-IL55AS54NFG,The Software Protection service has completed licensing status check.,Application Id=55c92734-d682-4d71-983e-d6ec3f16059f,Licensing Status=,1: 039998e3-3ef5-4adf-b758-d25fa0128ff4, 1, 0 [(0 [0xC004F014, 0, 0], [(?)(?)(?)(?)(?)(?)])(1 )(2 )],2: 68531fb9-5511-4989-97be-d11a0f55633f, 1, 1 [(0 [0xC004E003, 0, 0], [( 1 0xC004F056 30 0 msft:rm/algorithm/volume/1.0 0x00000000 0)(?)( 1 0xC004F056 30 0 msft:rm/algorithm/volume/1.0 0x00000000 0)(?)(?)(?)])(1 )(2 [0x00000000, 0, 1], [(?)( 5 0x00000000 30 40800)( 1 0x00000000 0 0 msft:rm/algorithm/flags/1.0 0x00000000 0)(?)(?)(?)])],3: 6a4bd364-4b60-4856-a727-efb59d94348e, 1, 0 [(0 [0xC004F014, 0, 0], [(?)(?)(?)(?)(?)(?)])(1 )(2 )],4: 6d47464d-e43d-4228-b051-fddd47fd403f, 1, 0 [(0 [0xC004F014, 0, 0], [(?)(?)(?)(?)(?)(?)])(1 )(2 )],5: 8fe15d04-fc66-40e6-bf34-942481e06fd8, 1, 0 [(0 [0xC004F014, 0, 0], [(?)(?)(?)(?)(?)(?)])(1 )(2 )],6: 9a159de8-d114-41d7-a5bf-d3574edb42fa, 1, 0 [(0 [0xC004F014, 0, 0], [(?)(?)(?)(?)(?)(?)])(1 )(2 )],7: a60c85a9-7eff-4690-8aa1-010ddf5d38f0, 1, 0 [(0 [0xC004F014, 0, 0], [(?)(?)(?)(?)(?)(?)])(1 )(2 )],8: c837408d-3762-4dea-a4d7-6dba48f6c305, 1, 0 [(0 [0xC004F014, 0, 0], [(?)(?)(?)(?)(?)(?)])(1 )(2 )],9: c99b641f-c4ea-4e63-bec3-5ed2ccd0f357, 1, 0 [(0 [0xC004F014, 0, 0], [(?)(?)(?)(?)(?)(?)])(1 )(2 )],10: da71774d-b2c9-4c42-bb7b-a66365d5abb2, 1, 0 [(0 [0xC004F014, 0, 0], [(?)(?)(?)(?)(?)(?)])(1 )(2 )],11: f14c8ee3-560d-441e-aee1-325c2e9ae74a, 1, 0 [(0 [0xC004F014, 0, 0], [(?)(?)(?)(?)(?)(?)])(1 )(2 )],,,,
23-Feb-10 18:41:00,Application,Microsoft-Windows-Security-SPP,2010-02-23T18,902,N/A,Information,N/A,Classic,N/A,N/A,WIN-IL55AS54NFG,The Software Protection service has started.,6.1.7600.16385,,
23-Feb-10 18:43:00,Application,Microsoft-Windows-LoadPerf,2010-02-23T18,1001,N/A,Information,Info,N/A,S-1-5-18,NT AUTHORITY\SYSTEM,WIN-IL55AS54NFG,Performance counters for the WmiApRpl (WmiApRpl) service were removed successfully. The Record Data contains the new values of the system Last Counter and Last Help registry entries.,,
23-Feb-10 18:43:00,Application,Microsoft-Windows-LoadPerf,2010-02-23T18,1000,N/A,Information,Info,N/A,S-1-5-18,NT AUTHORITY\SYSTEM,WIN-IL55AS54NFG,Performance counters for the WmiApRpl (WmiApRpl) service were loaded successfully. The Record Data in the data section contains the new index values assigned to this service.,,
23-Feb-10 18:43:00,Application,VSS,2010-02-23T18,8224,N/A,Information,Info,Classic,N/A,N/A,WIN-IL55AS54NFG,The VSS service is shutting down due to idle timeout.,,
