23-Feb-10 18:31:01,System,Service Control Manager,2010-02-23T18,7036,N/A,Information,N/A,Classic,N/A,N/A,WIN-IL55AS54NFG,The Windows Installer service entered the running state.,,
23-Feb-10 18:31:01,System,Service Control Manager,2010-02-23T18,7036,N/A,Information,N/A,Classic,N/A,N/A,WIN-IL55AS54NFG,The Application Experience service entered the running state.,,
23-Feb-10 18:31:01,System,Service Control Manager,2010-02-23T18,7045,N/A,Information,N/A,Classic,S-1-5-21-4040463898-1091102219-857213053-1000,WIN-IL55AS54NFG\Neil Avery,WIN-IL55AS54NFG,A service was installed in the system.,,Service Name:  VScape Agent,Service File Name:  C:\logscape\vscape.exe -s C:\logscape\conf\agent.conf,Service Type:  user mode service,Service Start Type:  auto start,Service Account:  LocalSystem,,
23-Feb-10 18:31:01,System,Service Control Manager,2010-02-23T18,7036,N/A,Information,N/A,Classic,N/A,N/A,WIN-IL55AS54NFG,The VScape Agent service entered the running state.,,
23-Feb-10 18:31:01,System,Service Control Manager,2010-02-23T18,7036,N/A,Information,N/A,Classic,N/A,N/A,WIN-IL55AS54NFG,The VScape Agent service entered the stopped state.,,
23-Feb-10 18:31:01,System,Service Control Manager,2010-02-23T18,7036,N/A,Information,N/A,Classic,N/A,N/A,WIN-IL55AS54NFG,The Application Management service entered the running state.,,
23-Feb-10 18:31:01,System,Service Control Manager,2010-02-23T18,7034,N/A,Error,N/A,Classic,N/A,N/A,WIN-IL55AS54NFG,The VScape Agent service terminated unexpectedly.  It has done this 1 time(s).,,
23-Feb-10 18:31:01,System,Tcpip,2010-02-23T18,4227,N/A,Warning,N/A,Classic,N/A,N/A,WIN-IL55AS54NFG,TCP/IP failed to establish an outgoing connection because the selected local endpoint was recently used to connect to the same remote endpoint. This error typically occurs when outgoing connections are opened and closed at a high rate, causing all available local ports to be used and forcing TCP/IP to reuse a local port for an outgoing connection. To minimize the risk of data corruption, the TCP/IP standard requires a minimum time period to elapse between successive connections from a given local endpoint to a given remote endpoint.,,
23-Feb-10 18:31:01,System,Service Control Manager,2010-02-23T18,7036,N/A,Information,N/A,Classic,N/A,N/A,WIN-IL55AS54NFG,The VScape Agent service entered the running state.,,
23-Feb-10 18:41:00,System,Microsoft-Windows-Kernel-General,2010-02-23T18,12,N/A,Information,Info,N/A,S-1-5-18,NT AUTHORITY\SYSTEM,WIN-IL55AS54NFG,The operating system started at system time ?2010?-?02?-?23T18:37:37.468750000Z.,,
23-Feb-10 18:41:00,System,EventLog,2010-02-23T18,6009,N/A,Information,N/A,Classic,N/A,N/A,WIN-IL55AS54NFG,Microsoft (R) Windows (R) 6.01. 7600  Multiprocessor Free.,,
23-Feb-10 18:41:00,System,EventLog,2010-02-23T18,6005,N/A,Information,N/A,Classic,N/A,N/A,WIN-IL55AS54NFG,The Event log service was started.,,
23-Feb-10 18:41:00,System,EventLog,2010-02-23T18,6013,N/A,Information,N/A,Classic,N/A,N/A,WIN-IL55AS54NFG,The system uptime is 23 seconds.,,
23-Feb-10 18:41:00,System,Microsoft-Windows-Kernel-Power,2010-02-23T18,41,N/A,Critical,Info,N/A,S-1-5-18,NT AUTHORITY\SYSTEM,WIN-IL55AS54NFG,The system has rebooted without cleanly shutting down first. This error could be caused if the system stopped responding, crashed, or lost power unexpectedly.,,
23-Feb-10 18:41:00,System,Microsoft-Windows-Kernel-Processor-Power,2010-02-23T18,26,N/A,Information,Info,N/A,S-1-5-18,NT AUTHORITY\SYSTEM,WIN-IL55AS54NFG,Processor 0 in group 0 exposes the following:,,1 idle state(s),0 performance state(s),8 throttle state(s),,
23-Feb-10 18:41:00,System,Microsoft-Windows-Kernel-Processor-Power,2010-02-23T18,26,N/A,Information,Info,N/A,S-1-5-18,NT AUTHORITY\SYSTEM,WIN-IL55AS54NFG,Processor 1 in group 0 exposes the following:,,1 idle state(s),0 performance state(s),8 throttle state(s),,
23-Feb-10 18:41:00,System,Service Control Manager,2010-02-23T18,7036,N/A,Information,N/A,Classic,N/A,N/A,WIN-IL55AS54NFG,The Plug and Play service entered the running state.,,
23-Feb-10 18:41:00,System,Microsoft-Windows-UserPnp,2010-02-23T18,20010,N/A,Information,Info,N/A,S-1-5-18,NT AUTHORITY\SYSTEM,WIN-IL55AS54NFG,One or more of the Plug and Play service's subsystems has changed state.,,PlugPlay install subsystem enabled: 'true',PlugPlay caching subsystem enabled: 'true',,,
23-Feb-10 18:41:00,System,Service Control Manager,2010-02-23T18,7036,N/A,Information,N/A,Classic,N/A,N/A,WIN-IL55AS54NFG,The Power service entered the running state.,,
23-Feb-10 18:41:00,System,Microsoft-Windows-FilterManager,2010-02-23T18,6,N/A,Information,Info,N/A,S-1-5-18,NT AUTHORITY\SYSTEM,WIN-IL55AS54NFG,File System Filter 'luafv' (6.1, ?2009?-?07?-?13T23:26:13.000000000Z) has successfully loaded and registered with Filter Manager.,,
23-Feb-10 18:41:00,System,Service Control Manager,2010-02-23T18,7036,N/A,Information,N/A,Classic,N/A,N/A,WIN-IL55AS54NFG,The DCOM Server Process Launcher service entered the running state.,,
23-Feb-10 18:41:00,System,Service Control Manager,2010-02-23T18,7036,N/A,Information,N/A,Classic,N/A,N/A,WIN-IL55AS54NFG,The RPC Endpoint Mapper service entered the running state.,,
23-Feb-10 18:41:00,System,Service Control Manager,2010-02-23T18,7036,N/A,Information,N/A,Classic,N/A,N/A,WIN-IL55AS54NFG,The Remote Procedure Call (RPC) service entered the running state.,,
23-Feb-10 18:41:00,System,Service Control Manager,2010-02-23T18,7036,N/A,Information,N/A,Classic,N/A,N/A,WIN-IL55AS54NFG,The Windows Event Log service entered the running state.,,
23-Feb-10 18:41:00,System,Service Control Manager,2010-02-23T18,7036,N/A,Information,N/A,Classic,N/A,N/A,WIN-IL55AS54NFG,The Group Policy Client service entered the running state.,,
23-Feb-10 18:41:00,System,Service Control Manager,2010-02-23T18,7036,N/A,Information,N/A,Classic,N/A,N/A,WIN-IL55AS54NFG,The User Profile Service service entered the running state.,,
23-Feb-10 18:41:00,System,Service Control Manager,2010-02-23T18,7036,N/A,Information,N/A,Classic,N/A,N/A,WIN-IL55AS54NFG,The COM+ Event System service entered the running state.,,
23-Feb-10 18:41:00,System,Service Control Manager,2010-02-23T18,7036,N/A,Information,N/A,Classic,N/A,N/A,WIN-IL55AS54NFG,The System Event Notification Service service entered the running state.,,
23-Feb-10 18:41:00,System,Service Control Manager,2010-02-23T18,7036,N/A,Information,N/A,Classic,N/A,N/A,WIN-IL55AS54NFG,The Desktop Window Manager Session Manager service entered the running state.,,
23-Feb-10 18:41:00,System,Service Control Manager,2010-02-23T18,7036,N/A,Information,N/A,Classic,N/A,N/A,WIN-IL55AS54NFG,The Network Store Interface Service service entered the running state.,,
23-Feb-10 18:41:00,System,Microsoft-Windows-Dhcp-Client,2010-02-23T18,50036,Service State Event,Information,ServiceStart,N/A,S-1-5-19,NT AUTHORITY\LOCAL SERVICE,WIN-IL55AS54NFG,DHCPv4 client service is started,,
23-Feb-10 18:41:00,System,Service Control Manager,2010-02-23T18,7036,N/A,Information,N/A,Classic,N/A,N/A,WIN-IL55AS54NFG,The TCP/IP NetBIOS Helper service entered the running state.,,
23-Feb-10 18:41:00,System,Microsoft-Windows-DHCPv6-Client,2010-02-23T18,51046,Service State Event,Information,ServiceStart,N/A,S-1-5-19,NT AUTHORITY\LOCAL SERVICE,WIN-IL55AS54NFG,DHCPv6 client service is started,,
23-Feb-10 18:41:00,System,Service Control Manager,2010-02-23T18,7036,N/A,Information,N/A,Classic,N/A,N/A,WIN-IL55AS54NFG,The DHCP Client service entered the running state.,,
23-Feb-10 18:41:00,System,Service Control Manager,2010-02-23T18,7036,N/A,Information,N/A,Classic,N/A,N/A,WIN-IL55AS54NFG,The DNS Client service entered the running state.,,
23-Feb-10 18:41:00,System,Service Control Manager,2010-02-23T18,7036,N/A,Information,N/A,Classic,N/A,N/A,WIN-IL55AS54NFG,The Shell Hardware Detection service entered the running state.,,
23-Feb-10 18:41:00,System,Service Control Manager,2010-02-23T18,7036,N/A,Information,N/A,Classic,N/A,N/A,WIN-IL55AS54NFG,The Task Scheduler service entered the running state.,,
23-Feb-10 18:41:00,System,Service Control Manager,2010-02-23T18,7036,N/A,Information,N/A,Classic,N/A,N/A,WIN-IL55AS54NFG,The Base Filtering Engine service entered the running state.,,
23-Feb-10 18:41:00,System,Service Control Manager,2010-02-23T18,7036,N/A,Information,N/A,Classic,N/A,N/A,WIN-IL55AS54NFG,The Windows Firewall service entered the running state.,,
23-Feb-10 18:41:00,System,Service Control Manager,2010-02-23T18,7036,N/A,Information,N/A,Classic,N/A,N/A,WIN-IL55AS54NFG,The Workstation service entered the running state.,,
23-Feb-10 18:41:00,System,Service Control Manager,2010-02-23T18,7036,N/A,Information,N/A,Classic,N/A,N/A,WIN-IL55AS54NFG,The Security Accounts Manager service entered the running state.,,
23-Feb-10 18:41:00,System,Service Control Manager,2010-02-23T18,7036,N/A,Information,N/A,Classic,N/A,N/A,WIN-IL55AS54NFG,The Print Spooler service entered the running state.,,
23-Feb-10 18:41:00,System,Service Control Manager,2010-02-23T18,7036,N/A,Information,N/A,Classic,N/A,N/A,WIN-IL55AS54NFG,The Remote Registry service entered the running state.,,
23-Feb-10 18:41:00,System,Service Control Manager,2010-02-23T18,7036,N/A,Information,N/A,Classic,N/A,N/A,WIN-IL55AS54NFG,The Cryptographic Services service entered the running state.,,
23-Feb-10 18:41:00,System,Service Control Manager,2010-02-23T18,7036,N/A,Information,N/A,Classic,N/A,N/A,WIN-IL55AS54NFG,The IKE and AuthIP IPsec Keying Modules service entered the running state.,,
23-Feb-10 18:41:00,System,Service Control Manager,2010-02-23T18,7036,N/A,Information,N/A,Classic,N/A,N/A,WIN-IL55AS54NFG,The Distributed Link Tracking Client service entered the running state.,,
23-Feb-10 18:41:00,System,Service Control Manager,2010-02-23T18,7036,N/A,Information,N/A,Classic,N/A,N/A,WIN-IL55AS54NFG,The Network Location Awareness service entered the running state.,,
23-Feb-10 18:41:00,System,Service Control Manager,2010-02-23T18,7036,N/A,Information,N/A,Classic,N/A,N/A,WIN-IL55AS54NFG,The VMware Tools Service service entered the running state.,,
23-Feb-10 18:41:00,System,Service Control Manager,2010-02-23T18,7036,N/A,Information,N/A,Classic,N/A,N/A,WIN-IL55AS54NFG,The Windows Management Instrumentation service entered the running state.,,
23-Feb-10 18:41:00,System,Service Control Manager,2010-02-23T18,7036,N/A,Information,N/A,Classic,N/A,N/A,WIN-IL55AS54NFG,The IP Helper service entered the running state.,,
23-Feb-10 18:41:00,System,Service Control Manager,2010-02-23T18,7036,N/A,Information,N/A,Classic,N/A,N/A,WIN-IL55AS54NFG,The Server service entered the running state.,,
23-Feb-10 18:41:00,System,Microsoft-Windows-Winlogon,2010-02-23T18,7001,N/A,Information,Info,N/A,S-1-5-18,NT AUTHORITY\SYSTEM,WIN-IL55AS54NFG,User Logon Notification for Customer Experience Improvement Program,,
23-Feb-10 18:41:00,System,Microsoft-Windows-Iphlpsvc,2010-02-23T18,4200,N/A,Information,Info,N/A,S-1-5-18,NT AUTHORITY\SYSTEM,WIN-IL55AS54NFG,Isatap interface isatap.localdomain with address fe80::5efe:192.168.228.131 has been brought up.,,
23-Feb-10 18:41:00,System,Service Control Manager,2010-02-23T18,7036,N/A,Information,N/A,Classic,N/A,N/A,WIN-IL55AS54NFG,The VScape Agent service entered the running state.,,
23-Feb-10 18:41:00,System,Service Control Manager,2010-02-23T18,7036,N/A,Information,N/A,Classic,N/A,N/A,WIN-IL55AS54NFG,The Network List Service service entered the running state.,,
23-Feb-10 18:41:00,System,Service Control Manager,2010-02-23T18,7036,N/A,Information,N/A,Classic,N/A,N/A,WIN-IL55AS54NFG,The WinHTTP Web Proxy Auto-Discovery Service service entered the running state.,,
23-Feb-10 18:41:00,System,Service Control Manager,2010-02-23T18,7036,N/A,Information,N/A,Classic,N/A,N/A,WIN-IL55AS54NFG,The Portable Device Enumerator Service service entered the running state.,,
23-Feb-10 18:41:00,System,Service Control Manager,2010-02-23T18,7036,N/A,Information,N/A,Classic,N/A,N/A,WIN-IL55AS54NFG,The TP AutoConnect Service service entered the running state.,,
23-Feb-10 18:41:00,System,Service Control Manager,2010-02-23T18,7036,N/A,Information,N/A,Classic,N/A,N/A,WIN-IL55AS54NFG,The IPsec Policy Agent service entered the running state.,,
23-Feb-10 18:41:00,System,Service Control Manager,2010-02-23T18,7036,N/A,Information,N/A,Classic,N/A,N/A,WIN-IL55AS54NFG,The VMware Snapshot Provider service entered the running state.,,
23-Feb-10 18:41:00,System,Service Control Manager,2010-02-23T18,7036,N/A,Information,N/A,Classic,N/A,N/A,WIN-IL55AS54NFG,The COM+ System Application service entered the running state.,,
23-Feb-10 18:41:00,System,Service Control Manager,2010-02-23T18,7036,N/A,Information,N/A,Classic,N/A,N/A,WIN-IL55AS54NFG,The Network Connections service entered the running state.,,
23-Feb-10 18:41:00,System,Service Control Manager,2010-02-23T18,7036,N/A,Information,N/A,Classic,N/A,N/A,WIN-IL55AS54NFG,The Distributed Transaction Coordinator service entered the running state.,,
23-Feb-10 18:41:00,System,Service Control Manager,2010-02-23T18,7036,N/A,Information,N/A,Classic,N/A,N/A,WIN-IL55AS54NFG,The Volume Shadow Copy service entered the running state.,,
23-Feb-10 18:41:00,System,Microsoft-Windows-Kernel-General,2010-02-23T18,1,N/A,Information,Info,Time,S-1-5-18,NT AUTHORITY\SYSTEM,WIN-IL55AS54NFG,The system time has changed to ?2010?-?02?-?23T18:39:47.899000000Z from ?2010?-?02?-?23T18:39:48.156250000Z.,,
23-Feb-10 18:41:00,System,Service Control Manager,2010-02-23T18,7036,N/A,Information,N/A,Classic,N/A,N/A,WIN-IL55AS54NFG,The Function Discovery Provider Host service entered the running state.,,
23-Feb-10 18:41:00,System,Service Control Manager,2010-02-23T18,7036,N/A,Information,N/A,Classic,N/A,N/A,WIN-IL55AS54NFG,The Software Protection service entered the running state.,,
23-Feb-10 18:41:00,System,Service Control Manager,2010-02-23T18,7036,N/A,Information,N/A,Classic,N/A,N/A,WIN-IL55AS54NFG,The Windows Modules Installer service entered the running state.,,
23-Feb-10 18:41:00,System,Microsoft-Windows-WinRM,2010-02-23T18,10148,N/A,Information,Info,Classic,N/A,N/A,WIN-IL55AS54NFG,The WinRM service is listening for WS-Management requests.,,User Action,Use the following command to see the specific IPs on which WinRM is listening:,,winrm enumerate winrm/config/listener,,
23-Feb-10 18:41:00,System,Service Control Manager,2010-02-23T18,7036,N/A,Information,N/A,Classic,N/A,N/A,WIN-IL55AS54NFG,The Diagnostic Policy Service service entered the running state.,,
23-Feb-10 18:41:00,System,Service Control Manager,2010-02-23T18,7036,N/A,Information,N/A,Classic,N/A,N/A,WIN-IL55AS54NFG,The Diagnostic System Host service entered the running state.,,
23-Feb-10 18:41:00,System,Service Control Manager,2010-02-23T18,7036,N/A,Information,N/A,Classic,N/A,N/A,WIN-IL55AS54NFG,The Windows Remote Management (WS-Management) service entered the running state.,,
23-Feb-10 18:41:00,System,Service Control Manager,2010-02-23T18,7036,N/A,Information,N/A,Classic,N/A,N/A,WIN-IL55AS54NFG,The Windows Update service entered the running state.,,
23-Feb-10 18:41:00,System,Service Control Manager,2010-02-23T18,7036,N/A,Information,N/A,Classic,N/A,N/A,WIN-IL55AS54NFG,The Portable Device Enumerator Service service entered the stopped state.,,
23-Feb-10 18:43:00,System,Service Control Manager,2010-02-23T18,7036,N/A,Information,N/A,Classic,N/A,N/A,WIN-IL55AS54NFG,The VMware Snapshot Provider service entered the stopped state.,,
23-Feb-10 18:43:00,System,Service Control Manager,2010-02-23T18,7036,N/A,Information,N/A,Classic,N/A,N/A,WIN-IL55AS54NFG,The Volume Shadow Copy service entered the stopped state.,,
